Using pre-set license
Built from '2020.3/staging' branch; Version is '2020.3.18f1 (a7d1c678663c) revision 10998214'; Using compiler version '192528614'; Build Type 'Release'
OS: 'Windows 10 Home Single Language; OS build 19042.1348; Version 2009; 64bit' Language: 'ru' Physical Memory: 7647 MB
BatchMode: 1, IsHumanControllingUs: 0, StartBugReporterOnCrash: 0, Is64bit: 1, IsPro: 0

COMMAND LINE ARGUMENTS:
C:\Program Files\Unity\Hub\Editor\2020.3.18f1\Editor\Unity.exe
-adb2
-batchMode
-noUpm
-name
AssetImportWorker0
-projectPath
C:/Users/Artsiom/PopKings_App_Game/PopKings_App_Game/PopKings
-logFile
Logs/AssetImportWorker0.log
-srvPort
57090
Successfully changed project path to: C:/Users/Artsiom/PopKings_App_Game/PopKings_App_Game/PopKings
C:/Users/Artsiom/PopKings_App_Game/PopKings_App_Game/PopKings
Using Asset Import Pipeline V2.
Refreshing native plugins compatible for Editor in 228.87 ms, found 3 plugins.
Preloading 0 native plugins for Editor in 0.00 ms.
Initialize engine version: 2020.3.18f1 (a7d1c678663c)
[Subsystems] Discovering subsystems at path C:/Program Files/Unity/Hub/Editor/2020.3.18f1/Editor/Data/Resources/UnitySubsystems
[Subsystems] Discovering subsystems at path C:/Users/Artsiom/PopKings_App_Game/PopKings_App_Game/PopKings/Assets
GfxDevice: creating device client; threaded=0
Direct3D:
    Version:  Direct3D 11.0 [level 11.1]
    Renderer: AMD Radeon R7 Graphics (ID=0x9874)
    Vendor:   
    VRAM:     3823 MB
    Driver:   27.20.1034.6
Initialize mono
Mono path[0] = 'C:/Program Files/Unity/Hub/Editor/2020.3.18f1/Editor/Data/Managed'
Mono path[1] = 'C:/Program Files/Unity/Hub/Editor/2020.3.18f1/Editor/Data/MonoBleedingEdge/lib/mono/unityjit'
Mono config path = 'C:/Program Files/Unity/Hub/Editor/2020.3.18f1/Editor/Data/MonoBleedingEdge/etc'
Using monoOptions --debugger-agent=transport=dt_socket,embedding=1,server=y,suspend=n,address=127.0.0.1:56404
Begin MonoManager ReloadAssembly
Registering precompiled unity dll's ...
Register platform support module: C:/Program Files/Unity/Hub/Editor/2020.3.18f1/Editor/Data/PlaybackEngines/WebGLSupport/UnityEditor.WebGL.Extensions.dll
Register platform support module: C:/Program Files/Unity/Hub/Editor/2020.3.18f1/Editor/Data/PlaybackEngines/WindowsStandaloneSupport/UnityEditor.WindowsStandalone.Extensions.dll
Registered in 0.011660 seconds.
Native extension for WindowsStandalone target not found
Native extension for WebGL target not found
Refreshing native plugins compatible for Editor in 168.15 ms, found 3 plugins.
Preloading 0 native plugins for Editor in 0.00 ms.
Mono: successfully reloaded assembly
- Completed reload, in 11.295 seconds
Domain Reload Profiling:
	ReloadAssembly (11296ms)
		BeginReloadAssembly (419ms)
			ExecutionOrderSort (0ms)
			DisableScriptedObjects (0ms)
			BackupInstance (0ms)
			ReleaseScriptingObjects (0ms)
			CreateAndSetChildDomain (6ms)
		EndReloadAssembly (1896ms)
			LoadAssemblies (401ms)
			RebuildTransferFunctionScriptingTraits (0ms)
			SetupTypeCache (689ms)
			ReleaseScriptCaches (0ms)
			RebuildScriptCaches (135ms)
			SetupLoadedEditorAssemblies (739ms)
				LogAssemblyErrors (0ms)
				InitializePlatformSupportModulesInManaged (20ms)
				SetLoadedEditorAssemblies (1ms)
				RefreshPlugins (168ms)
				BeforeProcessingInitializeOnLoad (101ms)
				ProcessInitializeOnLoadAttributes (331ms)
				ProcessInitializeOnLoadMethodAttributes (117ms)
				AfterProcessingInitializeOnLoad (0ms)
				EditorAssembliesLoaded (1ms)
			ExecutionOrderSort2 (0ms)
			AwakeInstancesAfterBackupRestoration (0ms)
Platform modules already initialized, skipping
Registering precompiled user dll's ...
Registered in 0.014736 seconds.
Begin MonoManager ReloadAssembly
Native extension for WindowsStandalone target not found
Native extension for WebGL target not found
Refreshing native plugins compatible for Editor in 169.88 ms, found 3 plugins.
Preloading 0 native plugins for Editor in 0.00 ms.
Mono: successfully reloaded assembly
- Completed reload, in  5.474 seconds
Domain Reload Profiling:
	ReloadAssembly (5479ms)
		BeginReloadAssembly (607ms)
			ExecutionOrderSort (0ms)
			DisableScriptedObjects (19ms)
			BackupInstance (0ms)
			ReleaseScriptingObjects (0ms)
			CreateAndSetChildDomain (68ms)
		EndReloadAssembly (4584ms)
			LoadAssemblies (419ms)
			RebuildTransferFunctionScriptingTraits (0ms)
			SetupTypeCache (1638ms)
			ReleaseScriptCaches (1ms)
			RebuildScriptCaches (206ms)
			SetupLoadedEditorAssemblies (1778ms)
				LogAssemblyErrors (0ms)
				InitializePlatformSupportModulesInManaged (19ms)
				SetLoadedEditorAssemblies (1ms)
				RefreshPlugins (170ms)
				BeforeProcessingInitializeOnLoad (346ms)
				ProcessInitializeOnLoadAttributes (1130ms)
				ProcessInitializeOnLoadMethodAttributes (74ms)
				AfterProcessingInitializeOnLoad (38ms)
				EditorAssembliesLoaded (1ms)
			ExecutionOrderSort2 (0ms)
			AwakeInstancesAfterBackupRestoration (58ms)
Platform modules already initialized, skipping
========================================================================
Worker process is ready to serve import requests
Launched and connected shader compiler UnityShaderCompiler.exe after 0.38 seconds
Refreshing native plugins compatible for Editor in 1.75 ms, found 3 plugins.
Preloading 0 native plugins for Editor in 0.00 ms.
Unloading 2090 Unused Serialized files (Serialized files now loaded: 0)
System memory in use before: 93.2 MB.
System memory in use after: 93.3 MB.

Unloading 26 unused Assets to reduce memory usage. Loaded Objects now: 2529.
Total: 11.398600 ms (FindLiveObjects: 0.606300 ms CreateObjectMapping: 0.250600 ms MarkObjects: 10.322800 ms  DeleteObjects: 0.213900 ms)

AssetImportParameters requested are different than current active one (requested -> active):
  custom:framework-win-MediaFoundation: 216162199b28c13a410421893ffa2e32 -> 
  custom:video-decoder-ogg-theora: a1e56fd34408186e4bbccfd4996cb3dc -> 
  custom:container-muxer-webm: aa71ff27fc2769a1b78a27578f13a17b -> 
  custom:container-demuxer-webm: 4f35f7cbe854078d1ac9338744f61a02 -> 
  custom:container-demuxer-ogg: 62fdf1f143b41e24485cea50d1cbac27 -> 
  custom:video-encoder-webm-vp8: eb34c28f22e8b96e1ab97ce403110664 -> 
  custom:video-codec-MediaFoundation-h265: 746d11721c4dcdbdad8f713fa42b33f4 -> 
  custom:video-decoder-webm-vp8: 9c59270c3fd7afecdb556c50c9e8de78 -> 
  custom:audio-decoder-ogg-vorbis: bf7c407c2cedff20999df2af8eb42d56 -> 
  custom:audio-encoder-webm-vorbis: bf7c407c2cedff20999df2af8eb42d56 -> 
========================================================================
Received Import Request.
  path: Assets/Scenes
  artifactKey: Guid(44d9a6be7da40b543a4835c3b2b8228a) Importer(815301076,1909f56bfc062723c751e8b465ee728b)
Start importing Assets/Scenes using Guid(44d9a6be7da40b543a4835c3b2b8228a) Importer(815301076,1909f56bfc062723c751e8b465ee728b)  -> (artifact id: '6b7aeae198a9fca1fef13342b7d4a82a') in 0.030836 seconds 
  Import took 0.042807 seconds .

========================================================================
Received Prepare
Registering precompiled user dll's ...
Registered in 0.021233 seconds.
Begin MonoManager ReloadAssembly
Native extension for WindowsStandalone target not found
Native extension for WebGL target not found
Refreshing native plugins compatible for Editor in 1.40 ms, found 3 plugins.
Preloading 0 native plugins for Editor in 0.00 ms.
Mono: successfully reloaded assembly
- Completed reload, in  4.858 seconds
Domain Reload Profiling:
	ReloadAssembly (4859ms)
		BeginReloadAssembly (510ms)
			ExecutionOrderSort (0ms)
			DisableScriptedObjects (30ms)
			BackupInstance (0ms)
			ReleaseScriptingObjects (0ms)
			CreateAndSetChildDomain (144ms)
		EndReloadAssembly (4027ms)
			LoadAssemblies (469ms)
			RebuildTransferFunctionScriptingTraits (0ms)
			SetupTypeCache (1398ms)
			ReleaseScriptCaches (3ms)
			RebuildScriptCaches (213ms)
			SetupLoadedEditorAssemblies (1445ms)
				LogAssemblyErrors (0ms)
				InitializePlatformSupportModulesInManaged (30ms)
				SetLoadedEditorAssemblies (2ms)
				RefreshPlugins (2ms)
				BeforeProcessingInitializeOnLoad (400ms)
				ProcessInitializeOnLoadAttributes (951ms)
				ProcessInitializeOnLoadMethodAttributes (24ms)
				AfterProcessingInitializeOnLoad (37ms)
				EditorAssembliesLoaded (1ms)
			ExecutionOrderSort2 (0ms)
			AwakeInstancesAfterBackupRestoration (54ms)
Platform modules already initialized, skipping
Refreshing native plugins compatible for Editor in 1.65 ms, found 3 plugins.
Preloading 0 native plugins for Editor in 0.00 ms.
Unloading 2093 Unused Serialized files (Serialized files now loaded: 0)
System memory in use before: 92.9 MB.
System memory in use after: 93.0 MB.

Unloading 14 unused Assets to reduce memory usage. Loaded Objects now: 2545.
Total: 11.828700 ms (FindLiveObjects: 0.899200 ms CreateObjectMapping: 0.334600 ms MarkObjects: 10.512500 ms  DeleteObjects: 0.076500 ms)

AssetImportParameters requested are different than current active one (requested -> active):
  custom:framework-win-MediaFoundation: 216162199b28c13a410421893ffa2e32 -> 
  custom:video-decoder-ogg-theora: a1e56fd34408186e4bbccfd4996cb3dc -> 
  custom:container-muxer-webm: aa71ff27fc2769a1b78a27578f13a17b -> 
  custom:container-demuxer-webm: 4f35f7cbe854078d1ac9338744f61a02 -> 
  custom:container-demuxer-ogg: 62fdf1f143b41e24485cea50d1cbac27 -> 
  custom:video-encoder-webm-vp8: eb34c28f22e8b96e1ab97ce403110664 -> 
  custom:video-codec-MediaFoundation-h265: 746d11721c4dcdbdad8f713fa42b33f4 -> 
  custom:video-decoder-webm-vp8: 9c59270c3fd7afecdb556c50c9e8de78 -> 
  custom:audio-decoder-ogg-vorbis: bf7c407c2cedff20999df2af8eb42d56 -> 
  custom:audio-encoder-webm-vorbis: bf7c407c2cedff20999df2af8eb42d56 -> 
========================================================================
Received Import Request.
  Time since last request: 252.394292 seconds.
  path: Assets/Scenes/Menu.unity
  artifactKey: Guid(a25862e5fd254af4dbc5513ef79aadd3) Importer(815301076,1909f56bfc062723c751e8b465ee728b)
Start importing Assets/Scenes/Menu.unity using Guid(a25862e5fd254af4dbc5513ef79aadd3) Importer(815301076,1909f56bfc062723c751e8b465ee728b)  -> (artifact id: '6000c765610416c16dfd1ab6685d8c50') in 0.098164 seconds 
  Import took 0.112714 seconds .

========================================================================
Received Import Request.
  Time since last request: 6.294951 seconds.
  path: Assets/Scenes/SampleScene.unity
  artifactKey: Guid(2cda990e2423bbf4892e6590ba056729) Importer(815301076,1909f56bfc062723c751e8b465ee728b)
Start importing Assets/Scenes/SampleScene.unity using Guid(2cda990e2423bbf4892e6590ba056729) Importer(815301076,1909f56bfc062723c751e8b465ee728b)  -> (artifact id: 'aa27944bdea339c97c39027c7eea529c') in 0.045921 seconds 
  Import took 0.056982 seconds .

========================================================================
Received Import Request.
  Time since last request: 30.196263 seconds.
  path: Assets/Scenes/ForthLvl.unity
  artifactKey: Guid(b5355bddc3a05c5468c737e0f82fe4d2) Importer(815301076,1909f56bfc062723c751e8b465ee728b)
Start importing Assets/Scenes/ForthLvl.unity using Guid(b5355bddc3a05c5468c737e0f82fe4d2) Importer(815301076,1909f56bfc062723c751e8b465ee728b)  -> (artifact id: 'db1d05b47d1384a3242e12f42d83445d') in 0.051278 seconds 
  Import took 0.072161 seconds .

========================================================================
Received Import Request.
  Time since last request: 2.256992 seconds.
  path: Assets/Scenes/FirstEpicLvl.unity
  artifactKey: Guid(5ba4ee64f198772479ae8164de7c7014) Importer(815301076,1909f56bfc062723c751e8b465ee728b)
Start importing Assets/Scenes/FirstEpicLvl.unity using Guid(5ba4ee64f198772479ae8164de7c7014) Importer(815301076,1909f56bfc062723c751e8b465ee728b)  -> (artifact id: '46df827ab0f2089cc25db6f6a89f2a0b') in 0.070114 seconds 
  Import took 0.082057 seconds .

========================================================================
Received Import Request.
  Time since last request: 1.716542 seconds.
  path: Assets/Scenes/SecondLvl.unity
  artifactKey: Guid(63fb64b2f7680b64c856a836bc4f789d) Importer(815301076,1909f56bfc062723c751e8b465ee728b)
Start importing Assets/Scenes/SecondLvl.unity using Guid(63fb64b2f7680b64c856a836bc4f789d) Importer(815301076,1909f56bfc062723c751e8b465ee728b)  -> (artifact id: '903241ccaf42c3c9a31fe7586668c9e3') in 0.041467 seconds 
  Import took 0.055872 seconds .

========================================================================
Received Import Request.
  Time since last request: 0.758646 seconds.
  path: Assets/Scenes/ThirdLvl.unity
  artifactKey: Guid(9db0514cf5f8f90429bf182476e1c452) Importer(815301076,1909f56bfc062723c751e8b465ee728b)
Start importing Assets/Scenes/ThirdLvl.unity using Guid(9db0514cf5f8f90429bf182476e1c452) Importer(815301076,1909f56bfc062723c751e8b465ee728b)  -> (artifact id: '918baa689d96d7dbe195869ff2cf1b90') in 0.037819 seconds 
  Import took 0.053054 seconds .

========================================================================
Received Import Request.
  Time since last request: 1.508045 seconds.
  path: Assets/Scenes/FirstLvl.unity
  artifactKey: Guid(aa9b8cea3e5bff74887a681c9fa0e271) Importer(815301076,1909f56bfc062723c751e8b465ee728b)
Start importing Assets/Scenes/FirstLvl.unity using Guid(aa9b8cea3e5bff74887a681c9fa0e271) Importer(815301076,1909f56bfc062723c751e8b465ee728b)  -> (artifact id: 'b8c5dc4af9de13b05fee96abcf77570e') in 0.034818 seconds 
  Import took 0.045930 seconds .

========================================================================
Received Import Request.
  Time since last request: 28.046406 seconds.
  path: Assets/Resources
  artifactKey: Guid(e4afa836a016da1448491c2f695e7186) Importer(815301076,1909f56bfc062723c751e8b465ee728b)
Start importing Assets/Resources using Guid(e4afa836a016da1448491c2f695e7186) Importer(815301076,1909f56bfc062723c751e8b465ee728b)  -> (artifact id: '875aed8589fa9e3e98fd3e11bde2bb22') in 0.031185 seconds 
  Import took 0.052778 seconds .

========================================================================
Received Import Request.
  Time since last request: 0.016004 seconds.
  path: Assets/Resources/BebasNeue Regular.otf
  artifactKey: Guid(8c44d6d3b61230640a5090234d01d0ac) Importer(815301076,1909f56bfc062723c751e8b465ee728b)
Start importing Assets/Resources/BebasNeue Regular.otf using Guid(8c44d6d3b61230640a5090234d01d0ac) Importer(815301076,1909f56bfc062723c751e8b465ee728b)  -> (artifact id: 'bb8787b0a2e8fa91d81960e1eee9e9ef') in 0.486617 seconds 
  Import took 0.499077 seconds .

========================================================================
Received Import Request.
  Time since last request: 0.000716 seconds.
  path: Assets/Resources/Maried-Pro.otf
  artifactKey: Guid(5b5853d39c962344ead1df367e4cb708) Importer(815301076,1909f56bfc062723c751e8b465ee728b)
Start importing Assets/Resources/Maried-Pro.otf using Guid(5b5853d39c962344ead1df367e4cb708) Importer(815301076,1909f56bfc062723c751e8b465ee728b)  -> (artifact id: 'd75eda80826aa979dec306fcf6caf80f') in 0.096978 seconds 
  Import took 0.109162 seconds .

========================================================================
Received Import Request.
  Time since last request: 0.213148 seconds.
  path: Assets/Resources/Animations
  artifactKey: Guid(10fc719d19543a84e9e4b01e64b6865e) Importer(815301076,1909f56bfc062723c751e8b465ee728b)
Start importing Assets/Resources/Animations using Guid(10fc719d19543a84e9e4b01e64b6865e) Importer(815301076,1909f56bfc062723c751e8b465ee728b)  -> (artifact id: 'c87f4f87cf21c9fdfcb9bc0d6af6671e') in 0.017529 seconds 
  Import took 0.038030 seconds .

========================================================================
Received Import Request.
  Time since last request: 2.925338 seconds.
  path: Assets/Resources/Scriptes
  artifactKey: Guid(5e1cc51d86906cb40ab05922ed5ad838) Importer(815301076,1909f56bfc062723c751e8b465ee728b)
Start importing Assets/Resources/Scriptes using Guid(5e1cc51d86906cb40ab05922ed5ad838) Importer(815301076,1909f56bfc062723c751e8b465ee728b)  -> (artifact id: '3101b6bfc203092ec8d754e2097fb823') in 0.038047 seconds 
  Import took 0.049684 seconds .

========================================================================
Received Import Request.
  Time since last request: 1.057076 seconds.
  path: Assets/Resources/Scriptes/BlackHoleBar.cs
  artifactKey: Guid(942430bb3f9dbac47b7239fcbdd2df5e) Importer(815301076,1909f56bfc062723c751e8b465ee728b)
Start importing Assets/Resources/Scriptes/BlackHoleBar.cs using Guid(942430bb3f9dbac47b7239fcbdd2df5e) Importer(815301076,1909f56bfc062723c751e8b465ee728b)  -> (artifact id: 'f1df37c68709e7464d5d4cf89b1ca8e0') in 0.042491 seconds 
  Import took 0.055094 seconds .

========================================================================
Received Prepare
Registering precompiled user dll's ...
Registered in 0.052024 seconds.
Begin MonoManager ReloadAssembly
Native extension for WindowsStandalone target not found
Native extension for WebGL target not found
Refreshing native plugins compatible for Editor in 2.79 ms, found 3 plugins.
Preloading 0 native plugins for Editor in 0.00 ms.
Mono: successfully reloaded assembly
- Completed reload, in 10.440 seconds
Domain Reload Profiling:
	ReloadAssembly (10443ms)
		BeginReloadAssembly (2094ms)
			ExecutionOrderSort (0ms)
			DisableScriptedObjects (101ms)
			BackupInstance (0ms)
			ReleaseScriptingObjects (5ms)
			CreateAndSetChildDomain (882ms)
		EndReloadAssembly (7784ms)
			LoadAssemblies (1601ms)
			RebuildTransferFunctionScriptingTraits (0ms)
			SetupTypeCache (2519ms)
			ReleaseScriptCaches (8ms)
			RebuildScriptCaches (379ms)
			SetupLoadedEditorAssemblies (2451ms)
				LogAssemblyErrors (0ms)
				InitializePlatformSupportModulesInManaged (40ms)
				SetLoadedEditorAssemblies (3ms)
				RefreshPlugins (3ms)
				BeforeProcessingInitializeOnLoad (668ms)
				ProcessInitializeOnLoadAttributes (1625ms)
				ProcessInitializeOnLoadMethodAttributes (49ms)
				AfterProcessingInitializeOnLoad (63ms)
				EditorAssembliesLoaded (1ms)
			ExecutionOrderSort2 (0ms)
			AwakeInstancesAfterBackupRestoration (97ms)
Platform modules already initialized, skipping
Refreshing native plugins compatible for Editor in 1.59 ms, found 3 plugins.
Preloading 0 native plugins for Editor in 0.00 ms.
Unloading 2093 Unused Serialized files (Serialized files now loaded: 0)
System memory in use before: 96.3 MB.
System memory in use after: 96.4 MB.

Unloading 14 unused Assets to reduce memory usage. Loaded Objects now: 2592.
Total: 13.342500 ms (FindLiveObjects: 1.272300 ms CreateObjectMapping: 0.419100 ms MarkObjects: 11.582700 ms  DeleteObjects: 0.063100 ms)

AssetImportParameters requested are different than current active one (requested -> active):
  custom:framework-win-MediaFoundation: 216162199b28c13a410421893ffa2e32 -> 
  custom:video-decoder-ogg-theora: a1e56fd34408186e4bbccfd4996cb3dc -> 
  custom:container-muxer-webm: aa71ff27fc2769a1b78a27578f13a17b -> 
  custom:container-demuxer-webm: 4f35f7cbe854078d1ac9338744f61a02 -> 
  custom:container-demuxer-ogg: 62fdf1f143b41e24485cea50d1cbac27 -> 
  custom:video-encoder-webm-vp8: eb34c28f22e8b96e1ab97ce403110664 -> 
  custom:video-codec-MediaFoundation-h265: 746d11721c4dcdbdad8f713fa42b33f4 -> 
  custom:video-decoder-webm-vp8: 9c59270c3fd7afecdb556c50c9e8de78 -> 
  custom:audio-decoder-ogg-vorbis: bf7c407c2cedff20999df2af8eb42d56 -> 
  custom:audio-encoder-webm-vorbis: bf7c407c2cedff20999df2af8eb42d56 -> 
========================================================================
Received Prepare
Registering precompiled user dll's ...
Registered in 0.018056 seconds.
Begin MonoManager ReloadAssembly
Native extension for WindowsStandalone target not found
Native extension for WebGL target not found
Refreshing native plugins compatible for Editor in 1.51 ms, found 3 plugins.
Preloading 0 native plugins for Editor in 0.00 ms.
Mono: successfully reloaded assembly
- Completed reload, in  4.872 seconds
Domain Reload Profiling:
	ReloadAssembly (4874ms)
		BeginReloadAssembly (495ms)
			ExecutionOrderSort (0ms)
			DisableScriptedObjects (29ms)
			BackupInstance (0ms)
			ReleaseScriptingObjects (0ms)
			CreateAndSetChildDomain (143ms)
		EndReloadAssembly (4040ms)
			LoadAssemblies (471ms)
			RebuildTransferFunctionScriptingTraits (0ms)
			SetupTypeCache (1384ms)
			ReleaseScriptCaches (3ms)
			RebuildScriptCaches (206ms)
			SetupLoadedEditorAssemblies (1556ms)
				LogAssemblyErrors (0ms)
				InitializePlatformSupportModulesInManaged (27ms)
				SetLoadedEditorAssemblies (2ms)
				RefreshPlugins (2ms)
				BeforeProcessingInitializeOnLoad (409ms)
				ProcessInitializeOnLoadAttributes (1064ms)
				ProcessInitializeOnLoadMethodAttributes (19ms)
				AfterProcessingInitializeOnLoad (33ms)
				EditorAssembliesLoaded (0ms)
			ExecutionOrderSort2 (0ms)
			AwakeInstancesAfterBackupRestoration (47ms)
Platform modules already initialized, skipping
Refreshing native plugins compatible for Editor in 1.48 ms, found 3 plugins.
Preloading 0 native plugins for Editor in 0.00 ms.
Unloading 2093 Unused Serialized files (Serialized files now loaded: 0)
System memory in use before: 96.4 MB.
System memory in use after: 96.5 MB.

Unloading 14 unused Assets to reduce memory usage. Loaded Objects now: 2595.
Total: 10.088200 ms (FindLiveObjects: 0.616800 ms CreateObjectMapping: 0.228100 ms MarkObjects: 9.170100 ms  DeleteObjects: 0.068100 ms)

AssetImportParameters requested are different than current active one (requested -> active):
  custom:framework-win-MediaFoundation: 216162199b28c13a410421893ffa2e32 -> 
  custom:video-decoder-ogg-theora: a1e56fd34408186e4bbccfd4996cb3dc -> 
  custom:container-muxer-webm: aa71ff27fc2769a1b78a27578f13a17b -> 
  custom:container-demuxer-webm: 4f35f7cbe854078d1ac9338744f61a02 -> 
  custom:container-demuxer-ogg: 62fdf1f143b41e24485cea50d1cbac27 -> 
  custom:video-encoder-webm-vp8: eb34c28f22e8b96e1ab97ce403110664 -> 
  custom:video-codec-MediaFoundation-h265: 746d11721c4dcdbdad8f713fa42b33f4 -> 
  custom:video-decoder-webm-vp8: 9c59270c3fd7afecdb556c50c9e8de78 -> 
  custom:audio-decoder-ogg-vorbis: bf7c407c2cedff20999df2af8eb42d56 -> 
  custom:audio-encoder-webm-vorbis: bf7c407c2cedff20999df2af8eb42d56 -> 
========================================================================
Received Import Request.
  Time since last request: 261.380918 seconds.
  path: Assets/Resources/Sounds
  artifactKey: Guid(0238439f0021cbb4c8994ddc6d6d896d) Importer(815301076,1909f56bfc062723c751e8b465ee728b)
Start importing Assets/Resources/Sounds using Guid(0238439f0021cbb4c8994ddc6d6d896d) Importer(815301076,1909f56bfc062723c751e8b465ee728b)  -> (artifact id: '3b455b6ab3d59740dedef1bb05a94750') in 0.073054 seconds 
  Import took 0.090289 seconds .

========================================================================
Received Import Request.
  Time since last request: 0.336893 seconds.
  path: Assets/Resources/Prefab
  artifactKey: Guid(4e3bb90aa66d9d540a5695742b2f5f6c) Importer(815301076,1909f56bfc062723c751e8b465ee728b)
Start importing Assets/Resources/Prefab using Guid(4e3bb90aa66d9d540a5695742b2f5f6c) Importer(815301076,1909f56bfc062723c751e8b465ee728b)  -> (artifact id: 'd60a01cb740c8740f135d2389d2e5760') in 0.034231 seconds 
  Import took 0.047829 seconds .

========================================================================
Received Import Request.
  Time since last request: 1.101907 seconds.
  path: Assets/Resources/Prefab/BlackHole.prefab
  artifactKey: Guid(78c02b68325db504a983fccb1d1f30ed) Importer(815301076,1909f56bfc062723c751e8b465ee728b)
Start importing Assets/Resources/Prefab/BlackHole.prefab using Guid(78c02b68325db504a983fccb1d1f30ed) Importer(815301076,1909f56bfc062723c751e8b465ee728b)  -> (artifact id: '3f4066aa35cc775d4b4d446968d9b6c2') in 0.296938 seconds 
  Import took 0.310584 seconds .

========================================================================
Received Import Request.
  Time since last request: 0.000735 seconds.
  path: Assets/Resources/Prefab/Cannon.prefab
  artifactKey: Guid(e7f55463e8248574c838a341960fc99b) Importer(815301076,1909f56bfc062723c751e8b465ee728b)
Start importing Assets/Resources/Prefab/Cannon.prefab using Guid(e7f55463e8248574c838a341960fc99b) Importer(815301076,1909f56bfc062723c751e8b465ee728b)  -> (artifact id: '22aee458beab8b01134944607bd88992') in 0.209065 seconds 
  Import took 0.256251 seconds .

========================================================================
Received Import Request.
  Time since last request: 0.000676 seconds.
  path: Assets/Resources/Prefab/GrapefruitShowSkins 6.prefab
  artifactKey: Guid(e616d0c730e4cd94393de71082e6c96f) Importer(815301076,1909f56bfc062723c751e8b465ee728b)
Start importing Assets/Resources/Prefab/GrapefruitShowSkins 6.prefab using Guid(e616d0c730e4cd94393de71082e6c96f) Importer(815301076,1909f56bfc062723c751e8b465ee728b)  -> (artifact id: '2d9ee1350240f79e974c52327adc9cf2') in 0.193335 seconds 
  Import took 0.205541 seconds .

========================================================================
Received Import Request.
  Time since last request: 0.000894 seconds.
  path: Assets/Resources/Prefab/EggShowSkins 1.prefab
  artifactKey: Guid(497f563d3d2c6f046a9df0ee785d8488) Importer(815301076,1909f56bfc062723c751e8b465ee728b)
Start importing Assets/Resources/Prefab/EggShowSkins 1.prefab using Guid(497f563d3d2c6f046a9df0ee785d8488) Importer(815301076,1909f56bfc062723c751e8b465ee728b)  -> (artifact id: '634be5bd352677ca675f33be3c5b8a07') in 0.105757 seconds 
  Import took 0.118711 seconds .

========================================================================
Received Import Request.
  Time since last request: 0.000883 seconds.
  path: Assets/Resources/Prefab/PizzaShowSkins 7.prefab
  artifactKey: Guid(a2646cb5a4352154fa057a4c18e67b23) Importer(815301076,1909f56bfc062723c751e8b465ee728b)
Start importing Assets/Resources/Prefab/PizzaShowSkins 7.prefab using Guid(a2646cb5a4352154fa057a4c18e67b23) Importer(815301076,1909f56bfc062723c751e8b465ee728b)  -> (artifact id: 'a3a4ba8fe4e91fe442c74209ca3a04ba') in 0.099105 seconds 
  Import took 0.122531 seconds .

========================================================================
Received Import Request.
  Time since last request: 0.002268 seconds.
  path: Assets/Resources/Prefab/Egg.prefab
  artifactKey: Guid(949534e2149e1ed4d9601ac191b57873) Importer(815301076,1909f56bfc062723c751e8b465ee728b)
Start importing Assets/Resources/Prefab/Egg.prefab using Guid(949534e2149e1ed4d9601ac191b57873) Importer(815301076,1909f56bfc062723c751e8b465ee728b)  -> (artifact id: '3b4e82eec9fec354ae5e6000775296f9') in 0.095113 seconds 
  Import took 0.109653 seconds .

========================================================================
Received Import Request.
  Time since last request: 0.000781 seconds.
  path: Assets/Resources/Prefab/Kiwi.prefab
  artifactKey: Guid(3f787a7c812daba4ca44ec9a066dae4e) Importer(815301076,1909f56bfc062723c751e8b465ee728b)
Start importing Assets/Resources/Prefab/Kiwi.prefab using Guid(3f787a7c812daba4ca44ec9a066dae4e) Importer(815301076,1909f56bfc062723c751e8b465ee728b)  -> (artifact id: '627d475102ec8def84a30c864f0e3013') in 0.078732 seconds 
  Import took 0.096452 seconds .

========================================================================
Received Import Request.
  Time since last request: 0.000624 seconds.
  path: Assets/Resources/Prefab/TomateShowSkins 2.prefab
  artifactKey: Guid(0901bf6ece0c08d4796ec8d0e9d997ba) Importer(815301076,1909f56bfc062723c751e8b465ee728b)
Start importing Assets/Resources/Prefab/TomateShowSkins 2.prefab using Guid(0901bf6ece0c08d4796ec8d0e9d997ba) Importer(815301076,1909f56bfc062723c751e8b465ee728b)  -> (artifact id: '5366f40cc8afde44a377fbe90dee5a6a') in 0.137301 seconds 
  Import took 0.154754 seconds .

========================================================================
Received Import Request.
  Time since last request: 0.000649 seconds.
  path: Assets/Resources/Prefab/Donut.prefab
  artifactKey: Guid(ea2134e960eed98499e86713ca6203a6) Importer(815301076,1909f56bfc062723c751e8b465ee728b)
Start importing Assets/Resources/Prefab/Donut.prefab using Guid(ea2134e960eed98499e86713ca6203a6) Importer(815301076,1909f56bfc062723c751e8b465ee728b)  -> (artifact id: '18d18035da83357ede579c7cd1d997a3') in 0.121428 seconds 
  Import took 0.132540 seconds .

========================================================================
Received Import Request.
  Time since last request: 0.000842 seconds.
  path: Assets/Resources/Prefab/DonutShowSkins 5.prefab
  artifactKey: Guid(5a9476a9a24828d4f84085122500dbfd) Importer(815301076,1909f56bfc062723c751e8b465ee728b)
Start importing Assets/Resources/Prefab/DonutShowSkins 5.prefab using Guid(5a9476a9a24828d4f84085122500dbfd) Importer(815301076,1909f56bfc062723c751e8b465ee728b)  -> (artifact id: '8df29862e453c43681345195ebb86b3e') in 0.090620 seconds 
  Import took 0.101657 seconds .

========================================================================
Received Import Request.
  Time since last request: 0.000716 seconds.
  path: Assets/Resources/Prefab/Bread.prefab
  artifactKey: Guid(62f4f12d4f17c4c44a1c686f6dc4ecf1) Importer(815301076,1909f56bfc062723c751e8b465ee728b)
Start importing Assets/Resources/Prefab/Bread.prefab using Guid(62f4f12d4f17c4c44a1c686f6dc4ecf1) Importer(815301076,1909f56bfc062723c751e8b465ee728b)  -> (artifact id: '1e138d716fb17157d28fdd8e6b1606b6') in 0.087114 seconds 
  Import took 0.107043 seconds .

========================================================================
Received Import Request.
  Time since last request: 0.000755 seconds.
  path: Assets/Resources/Prefab/StarsText.prefab
  artifactKey: Guid(272231025c4f51448bda25b482f92135) Importer(815301076,1909f56bfc062723c751e8b465ee728b)
Start importing Assets/Resources/Prefab/StarsText.prefab using Guid(272231025c4f51448bda25b482f92135) Importer(815301076,1909f56bfc062723c751e8b465ee728b)  -> (artifact id: 'a8b15844049c1d65d5283a2b7e5b2aca') in 0.094069 seconds 
  Import took 0.106930 seconds .

========================================================================
Received Import Request.
  Time since last request: 0.000767 seconds.
  path: Assets/Resources/Prefab/Grapefruit.prefab
  artifactKey: Guid(0afe2e3e9e842514fa1ea7fc4ce90ddc) Importer(815301076,1909f56bfc062723c751e8b465ee728b)
Start importing Assets/Resources/Prefab/Grapefruit.prefab using Guid(0afe2e3e9e842514fa1ea7fc4ce90ddc) Importer(815301076,1909f56bfc062723c751e8b465ee728b)  -> (artifact id: 'c89d50a927b247f842d2626a43cf3805') in 0.082204 seconds 
  Import took 0.094016 seconds .

========================================================================
Received Import Request.
  Time since last request: 0.000835 seconds.
  path: Assets/Resources/Prefab/PopcornShowSkins.prefab
  artifactKey: Guid(3aa3e3a98a994494a84b32987ccda92c) Importer(815301076,1909f56bfc062723c751e8b465ee728b)
Start importing Assets/Resources/Prefab/PopcornShowSkins.prefab using Guid(3aa3e3a98a994494a84b32987ccda92c) Importer(815301076,1909f56bfc062723c751e8b465ee728b)  -> (artifact id: '333c9f5f5db85ba060c3a202c4e70759') in 0.097607 seconds 
  Import took 0.111057 seconds .

========================================================================
Received Import Request.
  Time since last request: 0.000666 seconds.
  path: Assets/Resources/Prefab/Pizza.prefab
  artifactKey: Guid(b71c899dcc83ab84d801a96b4aeb45d6) Importer(815301076,1909f56bfc062723c751e8b465ee728b)
Start importing Assets/Resources/Prefab/Pizza.prefab using Guid(b71c899dcc83ab84d801a96b4aeb45d6) Importer(815301076,1909f56bfc062723c751e8b465ee728b)  -> (artifact id: 'c24177381012d999186ddd13dfdbbb0d') in 0.095364 seconds 
  Import took 0.108775 seconds .

========================================================================
Received Import Request.
  Time since last request: 0.000761 seconds.
  path: Assets/Resources/Prefab/Tomate.prefab
  artifactKey: Guid(9965eeb7d7d3060458eaca8160f5552c) Importer(815301076,1909f56bfc062723c751e8b465ee728b)
Start importing Assets/Resources/Prefab/Tomate.prefab using Guid(9965eeb7d7d3060458eaca8160f5552c) Importer(815301076,1909f56bfc062723c751e8b465ee728b)  -> (artifact id: '8ffbf7371f2f48547fa199914a6951d1') in 0.087004 seconds 
  Import took 0.098558 seconds .

========================================================================
Received Import Request.
  Time since last request: 0.000849 seconds.
  path: Assets/Resources/Prefab/BreadShowSkins 4.prefab
  artifactKey: Guid(0e537226b558daf4ba3fad96552bcb97) Importer(815301076,1909f56bfc062723c751e8b465ee728b)
Start importing Assets/Resources/Prefab/BreadShowSkins 4.prefab using Guid(0e537226b558daf4ba3fad96552bcb97) Importer(815301076,1909f56bfc062723c751e8b465ee728b)  -> (artifact id: '36c3e3afed85a02824915fe6a4ce2286') in 0.102141 seconds 
  Import took 0.113305 seconds .

========================================================================
Received Import Request.
  Time since last request: 0.000627 seconds.
  path: Assets/Resources/Prefab/ExitZone.prefab
  artifactKey: Guid(905adb3cc64a35846a6dc7383131a650) Importer(815301076,1909f56bfc062723c751e8b465ee728b)
Start importing Assets/Resources/Prefab/ExitZone.prefab using Guid(905adb3cc64a35846a6dc7383131a650) Importer(815301076,1909f56bfc062723c751e8b465ee728b)  -> (artifact id: 'ec03650697857eaae685d9f0a84a6c61') in 0.068741 seconds 
  Import took 0.088936 seconds .

========================================================================
Received Import Request.
  Time since last request: 0.000745 seconds.
  path: Assets/Resources/Prefab/Popcorn.prefab
  artifactKey: Guid(7dfc0820863fe6543b638122482d7824) Importer(815301076,1909f56bfc062723c751e8b465ee728b)
Start importing Assets/Resources/Prefab/Popcorn.prefab using Guid(7dfc0820863fe6543b638122482d7824) Importer(815301076,1909f56bfc062723c751e8b465ee728b)  -> (artifact id: '6bccf249ee7aa6c658f5c0d9c15f0253') in 0.090548 seconds 
  Import took 0.109696 seconds .

========================================================================
Received Import Request.
  Time since last request: 0.000852 seconds.
  path: Assets/Resources/Prefab/WatermelonShowSkins 2.prefab
  artifactKey: Guid(3a54025d62876a24cbf0592ed8a93339) Importer(815301076,1909f56bfc062723c751e8b465ee728b)
Start importing Assets/Resources/Prefab/WatermelonShowSkins 2.prefab using Guid(3a54025d62876a24cbf0592ed8a93339) Importer(815301076,1909f56bfc062723c751e8b465ee728b)  -> (artifact id: 'f40e3e201f987b2103cfd63b1e683639') in 0.114164 seconds 
  Import took 0.126512 seconds .

========================================================================
Received Import Request.
  Time since last request: 0.001095 seconds.
  path: Assets/Resources/Prefab/Finish 1.prefab
  artifactKey: Guid(c95586adef435e84092716b436848183) Importer(815301076,1909f56bfc062723c751e8b465ee728b)
Start importing Assets/Resources/Prefab/Finish 1.prefab using Guid(c95586adef435e84092716b436848183) Importer(815301076,1909f56bfc062723c751e8b465ee728b)  -> (artifact id: '88055fa420aafb539172e126ba69ca34') in 0.118078 seconds 
  Import took 0.129654 seconds .

========================================================================
Received Import Request.
  Time since last request: 0.000806 seconds.
  path: Assets/Resources/Prefab/KiwifruitShowSkins 3.prefab
  artifactKey: Guid(cb7ce07f23376d54289ae17eb4dd6fce) Importer(815301076,1909f56bfc062723c751e8b465ee728b)
Start importing Assets/Resources/Prefab/KiwifruitShowSkins 3.prefab using Guid(cb7ce07f23376d54289ae17eb4dd6fce) Importer(815301076,1909f56bfc062723c751e8b465ee728b)  -> (artifact id: 'd8e5450826c0434ef441d98b14691925') in 0.120623 seconds 
  Import took 0.135439 seconds .

========================================================================
Received Import Request.
  Time since last request: 0.000806 seconds.
  path: Assets/Resources/Prefab/Finish.prefab
  artifactKey: Guid(b4ad06d4f52308744b3bda2aa1e3087a) Importer(815301076,1909f56bfc062723c751e8b465ee728b)
Start importing Assets/Resources/Prefab/Finish.prefab using Guid(b4ad06d4f52308744b3bda2aa1e3087a) Importer(815301076,1909f56bfc062723c751e8b465ee728b)  -> (artifact id: 'a7aea454ee2ced9c4e4b267a6e494539') in 0.092054 seconds 
  Import took 0.106640 seconds .

========================================================================
Received Import Request.
  Time since last request: 0.000785 seconds.
  path: Assets/Resources/Prefab/Watermelon.prefab
  artifactKey: Guid(6d67425c4d9b6324c92019e157009979) Importer(815301076,1909f56bfc062723c751e8b465ee728b)
Start importing Assets/Resources/Prefab/Watermelon.prefab using Guid(6d67425c4d9b6324c92019e157009979) Importer(815301076,1909f56bfc062723c751e8b465ee728b)  -> (artifact id: '49bd87f0e01c5dad8f2e7e347f719833') in 0.081421 seconds 
  Import took 0.102985 seconds .

========================================================================
Received Import Request.
  Time since last request: 0.621731 seconds.
  path: Assets/Resources/ModelsOfLevels
  artifactKey: Guid(9d5737a718124254a8c398f74dec94db) Importer(815301076,1909f56bfc062723c751e8b465ee728b)
Start importing Assets/Resources/ModelsOfLevels using Guid(9d5737a718124254a8c398f74dec94db) Importer(815301076,1909f56bfc062723c751e8b465ee728b)  -> (artifact id: 'ed611f4552275df5097d45ada42dc5c8') in 0.039213 seconds 
  Import took 0.056153 seconds .

========================================================================
Received Import Request.
  Time since last request: 0.069384 seconds.
  path: Assets/Resources/ModelsOfLevels/Material 1.mat
  artifactKey: Guid(b8d92870affd4d24881d9223da343aee) Importer(815301076,1909f56bfc062723c751e8b465ee728b)
Start importing Assets/Resources/ModelsOfLevels/Material 1.mat using Guid(b8d92870affd4d24881d9223da343aee) Importer(815301076,1909f56bfc062723c751e8b465ee728b)  -> (artifact id: 'd2dca98fec8bf805527782ca6827ddb2') in 0.655637 seconds 
  Import took 0.678322 seconds .

========================================================================
Received Import Request.
  Time since last request: 0.000905 seconds.
  path: Assets/Resources/ModelsOfLevels/PopcornLevel2.fbx
  artifactKey: Guid(af1d48c50757daa418fb1421e10cd003) Importer(815301076,1909f56bfc062723c751e8b465ee728b)
Start importing Assets/Resources/ModelsOfLevels/PopcornLevel2.fbx using Guid(af1d48c50757daa418fb1421e10cd003) Importer(815301076,1909f56bfc062723c751e8b465ee728b)  -> (artifact id: '84916e0b8f9651e965693d9db9f769b2') in 0.606096 seconds 
  Import took 0.619509 seconds .

========================================================================
Received Import Request.
  Time since last request: 0.001028 seconds.
  path: Assets/Resources/ModelsOfLevels/PopcornLevel.fbx
  artifactKey: Guid(b7110ab24b6ef3c46b75bd51d05eaeae) Importer(815301076,1909f56bfc062723c751e8b465ee728b)
Start importing Assets/Resources/ModelsOfLevels/PopcornLevel.fbx using Guid(b7110ab24b6ef3c46b75bd51d05eaeae) Importer(815301076,1909f56bfc062723c751e8b465ee728b)  -> (artifact id: '41538d46fe4b61148d0d077d15dc36fe') in 0.327178 seconds 
  Import took 0.339176 seconds .

========================================================================
Received Import Request.
  Time since last request: 0.000622 seconds.
  path: Assets/Resources/ModelsOfLevels/PopcornLevelHole.fbx
  artifactKey: Guid(419ab120ce6b49c4f8cbcfa62ba763d1) Importer(815301076,1909f56bfc062723c751e8b465ee728b)
Start importing Assets/Resources/ModelsOfLevels/PopcornLevelHole.fbx using Guid(419ab120ce6b49c4f8cbcfa62ba763d1) Importer(815301076,1909f56bfc062723c751e8b465ee728b)  -> (artifact id: '0581dde92e523fb1c231cd79b3c15e4e') in 0.632026 seconds 
  Import took 0.643522 seconds .

========================================================================
Received Import Request.
  Time since last request: 0.000884 seconds.
  path: Assets/Resources/ModelsOfLevels/Material.mat
  artifactKey: Guid(916cc1a1b6636964f8d61e4f233523e1) Importer(815301076,1909f56bfc062723c751e8b465ee728b)
Start importing Assets/Resources/ModelsOfLevels/Material.mat using Guid(916cc1a1b6636964f8d61e4f233523e1) Importer(815301076,1909f56bfc062723c751e8b465ee728b)  -> (artifact id: 'b82aea2e5b74dcd5b1eb8aaba8b99c32') in 0.084658 seconds 
  Import took 0.094811 seconds .

========================================================================
Received Import Request.
  Time since last request: 0.000891 seconds.
  path: Assets/Resources/ModelsOfLevels/PopcornLevel3-5.fbx
  artifactKey: Guid(3d7975343a5b08c4e9b5a5ba3aa890a9) Importer(815301076,1909f56bfc062723c751e8b465ee728b)
Start importing Assets/Resources/ModelsOfLevels/PopcornLevel3-5.fbx using Guid(3d7975343a5b08c4e9b5a5ba3aa890a9) Importer(815301076,1909f56bfc062723c751e8b465ee728b)  -> (artifact id: 'cc1dfa0e33788efac773c80f1691004a') in 1.101728 seconds 
  Import took 1.122831 seconds .

AssetImportWorkerClient::OnTransportError - code=2 error=End of file
